<?xml version="1.0" encoding="UTF-8"?>
<testsuite xmlns:xsi="http://www.w3.org/2001/XMLSchema-instance" xsi:noNamespaceSchemaLocation="https://maven.apache.org/surefire/maven-surefire-plugin/xsd/surefire-test-report-3.0.xsd" version="3.0" name="task.TaskManagerTest" time="0.075" tests="8" errors="0" skipped="0" failures="0">
  <properties>
[...]
</properties>
  <testcase name="testAddMultipleTasks" classname="task.TaskManagerTest" time="0.028"/>
  <testcase name="testAddTask" classname="task.TaskManagerTest" time="0.006">
    <system-out><![CDATA[タスクを入力してください：このタスクは完了済みですか？（yes/no）：優先度を入力してください（例：高・中・低）：
締切日を入力してください（例：2025-07-21、未入力でスキップ）：
タスクを追加しました！
]]></system-out>
  </testcase>
  <testcase name="testDeleteTaskInvalidIndex" classname="task.TaskManagerTest" time="0.008">
    <system-out><![CDATA[
=== 削除対象のタスク一覧 ===
1. 削除タスク
削除したタスクの番号を入力してください：
無効な番号です。
]]></system-out>
  </testcase>
  <testcase name="testGetTaskWhenEmpty" classname="task.TaskManagerTest" time="0.002"/>
  <testcase name="testUpdateTask" classname="task.TaskManagerTest" time="0.0"/>
  <testcase name="testRemoveTaskWithInvalidIndex" classname="task.TaskManagerTest" time="0.003"/>
  <testcase name="testRemoveTask" classname="task.TaskManagerTest" time="0.0"/>
  <testcase name="testDeleteTask" classname="task.TaskManagerTest" time="0.002">
    <system-out><![CDATA[
=== 削除対象のタスク一覧 ===
1. 削除テスト
削除したタスクの番号を入力してください：
削除しました。
]]></system-out>
  </testcase>
</testsuite>